  main.cpp
C:\Users\benja\Desktop\phySimApplied\main.cpp(111,12): warning C4244: 'initializing': conversion from 'T' to 'float', possible loss of data
          with
          [
              T=int
          ]
C:\Users\benja\Desktop\phySimApplied\main.cpp(112,12): warning C4244: 'initializing': conversion from 'T' to 'float', possible loss of data
          with
          [
              T=int
          ]
C:\Users\benja\Desktop\phySimApplied\main.cpp(132,15): warning C4244: 'initializing': conversion from 'T' to 'float', possible loss of data
          with
          [
              T=int
          ]
C:\Users\benja\Desktop\phySimApplied\main.cpp(133,15): warning C4244: 'initializing': conversion from 'T' to 'float', possible loss of data
          with
          [
              T=int
          ]
C:\Users\benja\Desktop\phySimApplied\main.cpp(176,54): warning C4244: 'argument': conversion from 'double' to 'float', possible loss of data
C:\Users\benja\Desktop\phySimApplied\main.cpp(176,33): warning C4244: 'argument': conversion from 'double' to 'float', possible loss of data
C:\Users\benja\Desktop\phySimApplied\main.cpp(260,44): warning C4244: 'argument': conversion from 'double' to 'float', possible loss of data
C:\Users\benja\Desktop\phySimApplied\main.cpp(260,32): warning C4244: 'argument': conversion from 'double' to 'float', possible loss of data
C:\Users\benja\Desktop\phySimApplied\main.cpp(284,11): warning C4244: 'initializing': conversion from 'float' to 'int', possible loss of data
  Generating code
  0 of 184 functions ( 0.0%) were compiled, the rest were copied from previous compilation.
    0 functions were new in current compilation
    12 functions had inline decision re-evaluated but remain unchanged
  Finished generating code
  phySimApplied.vcxproj -> C:\Users\benja\Desktop\phySimApplied\x64\Release\phySimApplied.exe
